<?xml version="1.0" encoding="UTF-8"?>
<!-- Generated by org.testng.reporters.JUnitXMLReporter -->
<testsuite ignored="4" hostname="Ganesh" failures="0" tests="0" name="Test" time="0.027" errors="0" timestamp="30 May 2022 09:57:51 GMT">
  <testcase classname="com.demo.practiceTest.TestNgBasicConfigTest" name="@BeforeSuite beforeSuiteTest" time="0.0">
    <ignored/>
  </testcase> <!-- @BeforeSuite beforeSuiteTest -->
  <testcase classname="com.demo.practiceTest.TestNgBasicConfigTest" name="@BeforeTest beforeTestTest" time="0.0">
    <ignored/>
  </testcase> <!-- @BeforeTest beforeTestTest -->
  <testcase classname="com.demo.practiceTest.TestNgBasicConfigTest" name="@AfterSuite afterSuiteTest" time="0.0">
    <ignored/>
  </testcase> <!-- @AfterSuite afterSuiteTest -->
  <testcase classname="com.demo.practiceTest.TestNgBasicConfigTest" name="@AfterTest afterTestTest" time="0.0">
    <ignored/>
  </testcase> <!-- @AfterTest afterTestTest -->
</testsuite> <!-- Test -->
