<?xml version="1.0" encoding="UTF-8"?>
<testng-results ignored="0" total="2" passed="2" failed="0" skipped="0">
  <reporter-output>
    <line>
      <![CDATA[before suite]]>
    </line>
    <line>
      <![CDATA[before test]]>
    </line>
    <line>
      <![CDATA[before class]]>
    </line>
    <line>
      <![CDATA[before method 2]]>
    </line>
    <line>
      <![CDATA[before method]]>
    </line>
    <line>
      <![CDATA[a-practice1]]>
    </line>
    <line>
      <![CDATA[b-practice1]]>
    </line>
    <line>
      <![CDATA[c-practice1]]>
    </line>
    <line>
      <![CDATA[d-practice1]]>
    </line>
    <line>
      <![CDATA[e-practice1]]>
    </line>
    <line>
      <![CDATA[f-practice1]]>
    </line>
    <line>
      <![CDATA[after method]]>
    </line>
    <line>
      <![CDATA[before method 2]]>
    </line>
    <line>
      <![CDATA[before method]]>
    </line>
    <line>
      <![CDATA[g-practice1]]>
    </line>
    <line>
      <![CDATA[h-practice1]]>
    </line>
    <line>
      <![CDATA[i-practice1]]>
    </line>
    <line>
      <![CDATA[j-practice1]]>
    </line>
    <line>
      <![CDATA[k-practice1]]>
    </line>
    <line>
      <![CDATA[l-practice1]]>
    </line>
    <line>
      <![CDATA[after method]]>
    </line>
    <line>
      <![CDATA[after class]]>
    </line>
    <line>
      <![CDATA[after test]]>
    </line>
    <line>
      <![CDATA[after suite]]>
    </line>
  </reporter-output>
  <suite started-at="2022-05-30T09:58:49Z" name="Default suite" finished-at="2022-05-30T09:58:49Z" duration-ms="250">
    <groups>
    </groups>
    <test started-at="2022-05-30T09:58:49Z" name="Default test" finished-at="2022-05-30T09:58:49Z" duration-ms="250">
      <class name="com.demo.practiceTest.TestNGAssertTest">
        <test-method is-config="true" signature="beforeSuiteTest()[pri:0, instance:com.demo.practiceTest.TestNGAssertTest@4acb2510]" started-at="2022-05-30T09:58:49Z" name="beforeSuiteTest" finished-at="2022-05-30T09:58:49Z" duration-ms="31" status="PASS">
          <reporter-output>
            <line>
              <![CDATA[before suite]]>
            </line>
          </reporter-output>
        </test-method> <!-- beforeSuiteTest -->
        <test-method is-config="true" signature="beforeTestTest()[pri:0, instance:com.demo.practiceTest.TestNGAssertTest@4acb2510]" started-at="2022-05-30T09:58:49Z" name="beforeTestTest" finished-at="2022-05-30T09:58:49Z" duration-ms="0" status="PASS">
          <reporter-output>
            <line>
              <![CDATA[before test]]>
            </line>
          </reporter-output>
        </test-method> <!-- beforeTestTest -->
        <test-method is-config="true" signature="beforeClassTest()[pri:0, instance:com.demo.practiceTest.TestNGAssertTest@4acb2510]" started-at="2022-05-30T09:58:49Z" name="beforeClassTest" finished-at="2022-05-30T09:58:49Z" duration-ms="1" status="PASS">
          <reporter-output>
            <line>
              <![CDATA[before class]]>
            </line>
          </reporter-output>
        </test-method> <!-- beforeClassTest -->
        <test-method is-config="true" signature="beforeMethod2Test()[pri:0, instance:com.demo.practiceTest.TestNGAssertTest@4acb2510]" started-at="2022-05-30T09:58:49Z" name="beforeMethod2Test" finished-at="2022-05-30T09:58:49Z" duration-ms="1" status="PASS">
          <reporter-output>
            <line>
              <![CDATA[before method 2]]>
            </line>
          </reporter-output>
        </test-method> <!-- beforeMethod2Test -->
        <test-method is-config="true" signature="beforeMethodTest()[pri:0, instance:com.demo.practiceTest.TestNGAssertTest@4acb2510]" started-at="2022-05-30T09:58:49Z" name="beforeMethodTest" finished-at="2022-05-30T09:58:49Z" duration-ms="1" status="PASS">
          <reporter-output>
            <line>
              <![CDATA[before method]]>
            </line>
          </reporter-output>
        </test-method> <!-- beforeMethodTest -->
        <test-method signature="practice1Test()[pri:0, instance:com.demo.practiceTest.TestNGAssertTest@4acb2510]" started-at="2022-05-30T09:58:49Z" name="practice1Test" finished-at="2022-05-30T09:58:49Z" duration-ms="105" status="PASS">
          <reporter-output>
            <line>
              <![CDATA[a-practice1]]>
            </line>
            <line>
              <![CDATA[b-practice1]]>
            </line>
            <line>
              <![CDATA[c-practice1]]>
            </line>
            <line>
              <![CDATA[d-practice1]]>
            </line>
            <line>
              <![CDATA[e-practice1]]>
            </line>
            <line>
              <![CDATA[f-practice1]]>
            </line>
          </reporter-output>
        </test-method> <!-- practice1Test -->
        <test-method is-config="true" signature="afterMethodTest()[pri:0, instance:com.demo.practiceTest.TestNGAssertTest@4acb2510]" started-at="2022-05-30T09:58:49Z" name="afterMethodTest" finished-at="2022-05-30T09:58:49Z" duration-ms="1" status="PASS">
          <reporter-output>
            <line>
              <![CDATA[after method]]>
            </line>
          </reporter-output>
        </test-method> <!-- afterMethodTest -->
        <test-method is-config="true" signature="beforeMethod2Test()[pri:0, instance:com.demo.practiceTest.TestNGAssertTest@4acb2510]" started-at="2022-05-30T09:58:49Z" name="beforeMethod2Test" finished-at="2022-05-30T09:58:49Z" duration-ms="1" status="PASS">
          <reporter-output>
            <line>
              <![CDATA[before method 2]]>
            </line>
          </reporter-output>
        </test-method> <!-- beforeMethod2Test -->
        <test-method is-config="true" signature="beforeMethodTest()[pri:0, instance:com.demo.practiceTest.TestNGAssertTest@4acb2510]" started-at="2022-05-30T09:58:49Z" name="beforeMethodTest" finished-at="2022-05-30T09:58:49Z" duration-ms="0" status="PASS">
          <reporter-output>
            <line>
              <![CDATA[before method]]>
            </line>
          </reporter-output>
        </test-method> <!-- beforeMethodTest -->
        <test-method signature="practice2Test()[pri:0, instance:com.demo.practiceTest.TestNGAssertTest@4acb2510]" started-at="2022-05-30T09:58:49Z" name="practice2Test" finished-at="2022-05-30T09:58:49Z" duration-ms="2" status="PASS">
          <reporter-output>
            <line>
              <![CDATA[g-practice1]]>
            </line>
            <line>
              <![CDATA[h-practice1]]>
            </line>
            <line>
              <![CDATA[i-practice1]]>
            </line>
            <line>
              <![CDATA[j-practice1]]>
            </line>
            <line>
              <![CDATA[k-practice1]]>
            </line>
            <line>
              <![CDATA[l-practice1]]>
            </line>
          </reporter-output>
        </test-method> <!-- practice2Test -->
        <test-method is-config="true" signature="afterMethodTest()[pri:0, instance:com.demo.practiceTest.TestNGAssertTest@4acb2510]" started-at="2022-05-30T09:58:49Z" name="afterMethodTest" finished-at="2022-05-30T09:58:49Z" duration-ms="1" status="PASS">
          <reporter-output>
            <line>
              <![CDATA[after method]]>
            </line>
          </reporter-output>
        </test-method> <!-- afterMethodTest -->
        <test-method is-config="true" signature="afterClassTest()[pri:0, instance:com.demo.practiceTest.TestNGAssertTest@4acb2510]" started-at="2022-05-30T09:58:49Z" name="afterClassTest" finished-at="2022-05-30T09:58:49Z" duration-ms="1" status="PASS">
          <reporter-output>
            <line>
              <![CDATA[after class]]>
            </line>
          </reporter-output>
        </test-method> <!-- afterClassTest -->
        <test-method is-config="true" signature="afterTestTest()[pri:0, instance:com.demo.practiceTest.TestNGAssertTest@4acb2510]" started-at="2022-05-30T09:58:49Z" name="afterTestTest" finished-at="2022-05-30T09:58:49Z" duration-ms="1" status="PASS">
          <reporter-output>
            <line>
              <![CDATA[after test]]>
            </line>
          </reporter-output>
        </test-method> <!-- afterTestTest -->
        <test-method is-config="true" signature="afterSuiteTest()[pri:0, instance:com.demo.practiceTest.TestNGAssertTest@4acb2510]" started-at="2022-05-30T09:58:49Z" name="afterSuiteTest" finished-at="2022-05-30T09:58:49Z" duration-ms="0" status="PASS">
          <reporter-output>
            <line>
              <![CDATA[after suite]]>
            </line>
          </reporter-output>
        </test-method> <!-- afterSuiteTest -->
      </class> <!-- com.demo.practiceTest.TestNGAssertTest -->
    </test> <!-- Default test -->
  </suite> <!-- Default suite -->
</testng-results>
